<?xml version="1.0" encoding="UTF-8"?>
<testsuite xmlns:xsi="http://www.w3.org/2001/XMLSchema-instance" xsi:noNamespaceSchemaLocation="https://maven.apache.org/surefire/maven-surefire-plugin/xsd/surefire-test-report-3.0.xsd" version="3.0" name="com.psg.mavenProject.MavenProjectApplicationTests" time="1.544" tests="1" errors="0" skipped="0" failures="0">
  <properties>
[...]
</properties>
  <testcase name="contextLoads" classname="com.psg.mavenProject.MavenProjectApplicationTests" time="0.657">
    <system-out><![CDATA[11:11:49.006 [main] INFO org.springframework.test.context.support.AnnotationConfigContextLoaderUtils -- Could not detect default configuration classes for test class [com.psg.mavenProject.MavenProjectApplicationTests]: MavenProjectApplicationTests does not declare any static, non-private, non-final, nested classes annotated with @Configuration.
11:11:49.080 [main] INFO org.springframework.boot.test.context.SpringBootTestContextBootstrapper -- Found @SpringBootConfiguration com.psg.mavenProject.MavenProjectApplication for test class com.psg.mavenProject.MavenProjectApplicationTests

  .   ____          _            __ _ _
 /\\ / ___'_ __ _ _(_)_ __  __ _ \ \ \ \
( ( )\___ | '_ | '_| | '_ \/ _` | \ \ \ \
 \\/  ___)| |_)| | | | | || (_| |  ) ) ) )
  '  |____| .__|_| |_|_| |_\__, | / / / /
 =========|_|==============|___/=/_/_/_/
 :: Spring Boot ::                (v3.2.4)

2024-04-04T11:11:49.387+05:30  INFO 11716 --- [mavenProject] [           main] c.p.m.MavenProjectApplicationTests       : Starting MavenProjectApplicationTests using Java 21.0.2 with PID 11716 (started by ANBU-PC$ in E:\DevOps Workshop\mavenProject)
2024-04-04T11:11:49.388+05:30  INFO 11716 --- [mavenProject] [           main] c.p.m.MavenProjectApplicationTests       : No active profile set, falling back to 1 default profile: "default"
2024-04-04T11:11:49.750+05:30  INFO 11716 --- [mavenProject] [           main] c.p.m.MavenProjectApplicationTests       : Started MavenProjectApplicationTests in 0.569 seconds (process running for 1.294)
]]></system-out>
    <system-err><![CDATA[WARNING: A Java agent has been loaded dynamically (C:\Windows\system32\config\systemprofile\.m2\repository\net\bytebuddy\byte-buddy-agent\1.14.12\byte-buddy-agent-1.14.12.jar)
WARNING: If a serviceability tool is in use, please run with -XX:+EnableDynamicAgentLoading to hide this warning
WARNING: If a serviceability tool is not in use, please run with -Djdk.instrument.traceUsage for more information
WARNING: Dynamic loading of agents will be disallowed by default in a future release
]]></system-err>
  </testcase>
</testsuite>